<?xml version="1.0" encoding="UTF-8"?>
<!-- Generated by org.testng.reporters.JUnitReportReporter -->
<testsuite skipped="0" hostname="Niyati-MacBook-Pro.local" name="com.qa.test.GetScannerStateTest" tests="1" failures="0" timestamp="31 Oct 2019 06:37:37 GMT" time="0.019" errors="0">
  <testcase name="testScannerState" time="0.019" classname="com.qa.test.GetScannerStateTest"/>
</testsuite> <!-- com.qa.test.GetScannerStateTest -->
