<?xml version="1.0" encoding="UTF-8"?>
<!-- Generated by org.testng.reporters.JUnitReportReporter -->
<testsuite skipped="0" hostname="Niyati-MacBook-Pro.local" name="com.qa.logInOutTests.WifiStatusTest" tests="1" failures="0" timestamp="13 Nov 2019 09:48:53 GMT" time="1.369" errors="0">
  <testcase name="testWifiStatus" time="1.369" classname="com.qa.logInOutTests.WifiStatusTest"/>
</testsuite> <!-- com.qa.logInOutTests.WifiStatusTest -->
