<?xml version="1.0" encoding="UTF-8"?>
<!-- Generated by org.testng.reporters.JUnitReportReporter -->
<testsuite skipped="2" hostname="Niyati-MacBook-Pro.local" name="com.qa.utility.ConnectToMongoDB" tests="3" failures="0" timestamp="20 Jan 2020 18:39:00 GMT" time="6.530" errors="0">
  <testcase name="getAnalysisId" time="6.530" classname="com.qa.utility.ConnectToMongoDB"/>
  <testcase name="getPartnerDetails" classname="com.qa.utility.ConnectToMongoDB">
    <skipped/>
  </testcase> <!-- getPartnerDetails -->
  <testcase name="getUserDetails" classname="com.qa.utility.ConnectToMongoDB">
    <skipped/>
  </testcase> <!-- getUserDetails -->
</testsuite> <!-- com.qa.utility.ConnectToMongoDB -->
