<?xml version="1.0" encoding="UTF-8"?>
<!-- Generated by org.testng.reporters.JUnitReportReporter -->
<testsuite skipped="0" hostname="Niyati-MacBook-Pro.local" name="com.qa.ScanAndSlideInfo.AutoScanTest" tests="1" failures="0" timestamp="13 Nov 2019 09:48:53 GMT" time="0.055" errors="0">
  <testcase name="testAutoScan" time="0.055" classname="com.qa.ScanAndSlideInfo.AutoScanTest"/>
</testsuite> <!-- com.qa.ScanAndSlideInfo.AutoScanTest -->
