<?xml version="1.0" encoding="UTF-8"?>
<!-- Generated by org.testng.reporters.JUnitReportReporter -->
<testsuite skipped="0" hostname="Niyati-MacBook-Pro.local" name="com.qa.PQtest.PQTest" tests="1" failures="0" timestamp="13 Nov 2019 09:48:53 GMT" time="0.053" errors="0">
  <testcase name="testPQ" time="0.053" classname="com.qa.PQtest.PQTest"/>
</testsuite> <!-- com.qa.PQtest.PQTest -->
