<?xml version="1.0" encoding="UTF-8"?>
<!-- Generated by org.testng.reporters.JUnitReportReporter -->
<testsuite skipped="0" hostname="Niyati-MacBook-Pro.local" name="com.qa.ScanAndSlideInfo.ProductSelectionTest" tests="1" failures="0" timestamp="13 Nov 2019 09:48:53 GMT" time="3.276" errors="0">
  <testcase name="testProductSelection" time="3.276" classname="com.qa.ScanAndSlideInfo.ProductSelectionTest"/>
</testsuite> <!-- com.qa.ScanAndSlideInfo.ProductSelectionTest -->
