<?xml version="1.0" encoding="UTF-8"?>
<!-- Generated by org.testng.reporters.JUnitReportReporter -->
<testsuite skipped="0" hostname="Niyati-MacBook-Pro.local" name="com.qa.ScanAndSlideInfo.GetSlideStatusTest" tests="1" failures="0" timestamp="13 Nov 2019 09:48:53 GMT" time="0.068" errors="0">
  <testcase name="testSlideStatus" time="0.068" classname="com.qa.ScanAndSlideInfo.GetSlideStatusTest"/>
</testsuite> <!-- com.qa.ScanAndSlideInfo.GetSlideStatusTest -->
