<?xml version="1.0" encoding="UTF-8"?>
<!-- Generated by org.testng.reporters.JUnitReportReporter -->
<testsuite skipped="0" hostname="Niyati-MacBook-Pro.local" name="com.qa.test.SlideStatusTest" tests="1" failures="0" timestamp="16 Oct 2019 12:08:55 GMT" time="1.362" errors="0">
  <testcase name="testSlideStatus" time="1.362" classname="com.qa.test.SlideStatusTest"/>
</testsuite> <!-- com.qa.test.SlideStatusTest -->
