<?xml version="1.0" encoding="UTF-8"?>
<!-- Generated by org.testng.reporters.JUnitReportReporter -->
<testsuite skipped="0" hostname="Niyati-MacBook-Pro.local" name="com.qa.ScanAndSlideInfo.InsertSlideTest" tests="1" failures="0" timestamp="13 Nov 2019 09:48:53 GMT" time="0.024" errors="0">
  <testcase name="testInsertSlide" time="0.024" classname="com.qa.ScanAndSlideInfo.InsertSlideTest"/>
</testsuite> <!-- com.qa.ScanAndSlideInfo.InsertSlideTest -->
