<?xml version="1.0" encoding="UTF-8"?>
<!-- Generated by org.testng.reporters.JUnitReportReporter -->
<testsuite skipped="0" hostname="Niyati-MacBook-Pro.local" name="com.qa.ScanAndSlideInfo.CreateSlideTest" tests="1" failures="0" timestamp="13 Nov 2019 09:48:53 GMT" time="0.034" errors="0">
  <testcase name="testCreateSlide" time="0.034" classname="com.qa.ScanAndSlideInfo.CreateSlideTest"/>
</testsuite> <!-- com.qa.ScanAndSlideInfo.CreateSlideTest -->
