<?xml version="1.0" encoding="UTF-8"?>
<!-- Generated by org.testng.reporters.JUnitReportReporter -->
<testsuite skipped="0" hostname="Niyati-MacBook-Pro.local" name="com.qa.utility.SendStatusReport" tests="1" failures="0" timestamp="06 Dec 2019 12:38:04 GMT" time="4.919" errors="0">
  <testcase name="sendMail" time="4.919" classname="com.qa.utility.SendStatusReport"/>
</testsuite> <!-- com.qa.utility.SendStatusReport -->
